<?xml version="1.0" encoding="UTF-8"?>
<testsuite name="AppTest" tests="1" skipped="0" failures="0" errors="0" timestamp="2017-06-09T08:49:16" hostname="PratikPat-w7" time="6.49">
  <properties/>
  <testcase name="test1" classname="AppTest" time="6.49"/>
  <system-out><![CDATA[Google
]]></system-out>
  <system-err><![CDATA[Starting ChromeDriver 2.29.461591 (62ebf098771772160f391d75e589dc567915b233) on port 1176
Only local connections are allowed.
Jun 09, 2017 2:19:19 PM org.openqa.selenium.remote.ProtocolHandshake createSession
INFO: Detected dialect: OSS
Jun 09, 2017 2:19:22 PM AppTest test1
INFO: ....Asserting the result....0
]]></system-err>
</testsuite>
