<?xml version="1.0" encoding="UTF-8"?>
<!-- Generated by org.testng.reporters.JUnitReportReporter -->
<testsuite skipped="0" hostname="PratikPat-w7" name="AppTest" tests="1" failures="0" timestamp="09 Jun 2017 08:21:58 GMT" time="6.545" errors="0">
  <testcase name="test1" time="6.545" classname="AppTest"/>
</testsuite> <!-- AppTest -->
