<?xml version="1.0" encoding="UTF-8"?>
<!-- Generated by org.testng.reporters.JUnitReportReporter -->
<testsuite skipped="0" hostname="PratikPat-w7" name="AppTest" tests="1" failures="0" timestamp="09 Jun 2017 08:49:22 GMT" time="6.490" errors="0">
  <testcase name="test1" time="6.490" classname="AppTest"/>
</testsuite> <!-- AppTest -->
